f:\projekte\__code\c_cpp\spout\spoutgrabber\spoutgrabber_msvc2017\baseclasses\winproj2017\win32\release\baseclasses.pdb
f:\projekte\__code\c_cpp\spout\spoutgrabber\spoutgrabber_msvc2017\baseclasses\winproj2017\win32\release\source.obj
f:\projekte\__code\c_cpp\spout\spoutgrabber\spoutgrabber_msvc2017\baseclasses\winproj2017\win32\release\seekpt.obj
f:\projekte\__code\c_cpp\spout\spoutgrabber\spoutgrabber_msvc2017\baseclasses\winproj2017\win32\release\schedule.obj
f:\projekte\__code\c_cpp\spout\spoutgrabber\spoutgrabber_msvc2017\baseclasses\winproj2017\win32\release\renbase.obj
f:\projekte\__code\c_cpp\spout\spoutgrabber\spoutgrabber_msvc2017\baseclasses\winproj2017\win32\release\refclock.obj
f:\projekte\__code\c_cpp\spout\spoutgrabber\spoutgrabber_msvc2017\baseclasses\winproj2017\win32\release\pullpin.obj
f:\projekte\__code\c_cpp\spout\spoutgrabber\spoutgrabber_msvc2017\baseclasses\winproj2017\win32\release\pstream.obj
f:\projekte\__code\c_cpp\spout\spoutgrabber\spoutgrabber_msvc2017\baseclasses\winproj2017\win32\release\perflog.obj
f:\projekte\__code\c_cpp\spout\spoutgrabber\spoutgrabber_msvc2017\baseclasses\winproj2017\win32\release\outputq.obj
f:\projekte\__code\c_cpp\spout\spoutgrabber\spoutgrabber_msvc2017\baseclasses\winproj2017\win32\release\mtype.obj
f:\projekte\__code\c_cpp\spout\spoutgrabber\spoutgrabber_msvc2017\baseclasses\winproj2017\win32\release\dllsetup.obj
f:\projekte\__code\c_cpp\spout\spoutgrabber\spoutgrabber_msvc2017\baseclasses\winproj2017\win32\release\dllentry.obj
f:\projekte\__code\c_cpp\spout\spoutgrabber\spoutgrabber_msvc2017\baseclasses\winproj2017\win32\release\ddmm.obj
f:\projekte\__code\c_cpp\spout\spoutgrabber\spoutgrabber_msvc2017\baseclasses\winproj2017\win32\release\ctlutil.obj
f:\projekte\__code\c_cpp\spout\spoutgrabber\spoutgrabber_msvc2017\baseclasses\winproj2017\win32\release\cprop.obj
f:\projekte\__code\c_cpp\spout\spoutgrabber\spoutgrabber_msvc2017\baseclasses\winproj2017\win32\release\combase.obj
f:\projekte\__code\c_cpp\spout\spoutgrabber\spoutgrabber_msvc2017\baseclasses\winproj2017\win32\release\arithutil.obj
f:\projekte\__code\c_cpp\spout\spoutgrabber\spoutgrabber_msvc2017\baseclasses\winproj2017\win32\release\amvideo.obj
f:\projekte\__code\c_cpp\spout\spoutgrabber\spoutgrabber_msvc2017\baseclasses\winproj2017\win32\release\amfilter.obj
f:\projekte\__code\c_cpp\spout\spoutgrabber\spoutgrabber_msvc2017\baseclasses\winproj2017\win32\release\amextra.obj
f:\projekte\__code\c_cpp\spout\spoutgrabber\spoutgrabber_msvc2017\baseclasses\winproj2017\win32\release\wxutil.obj
f:\projekte\__code\c_cpp\spout\spoutgrabber\spoutgrabber_msvc2017\baseclasses\winproj2017\win32\release\wxlist.obj
f:\projekte\__code\c_cpp\spout\spoutgrabber\spoutgrabber_msvc2017\baseclasses\winproj2017\win32\release\wxdebug.obj
f:\projekte\__code\c_cpp\spout\spoutgrabber\spoutgrabber_msvc2017\baseclasses\winproj2017\win32\release\winutil.obj
f:\projekte\__code\c_cpp\spout\spoutgrabber\spoutgrabber_msvc2017\baseclasses\winproj2017\win32\release\winctrl.obj
f:\projekte\__code\c_cpp\spout\spoutgrabber\spoutgrabber_msvc2017\baseclasses\winproj2017\win32\release\vtrans.obj
f:\projekte\__code\c_cpp\spout\spoutgrabber\spoutgrabber_msvc2017\baseclasses\winproj2017\win32\release\videoctl.obj
f:\projekte\__code\c_cpp\spout\spoutgrabber\spoutgrabber_msvc2017\baseclasses\winproj2017\win32\release\transip.obj
f:\projekte\__code\c_cpp\spout\spoutgrabber\spoutgrabber_msvc2017\baseclasses\winproj2017\win32\release\transfrm.obj
f:\projekte\__code\c_cpp\spout\spoutgrabber\spoutgrabber_msvc2017\baseclasses\winproj2017\win32\release\sysclock.obj
f:\projekte\__code\c_cpp\spout\spoutgrabber\spoutgrabber_msvc2017\baseclasses\winproj2017\win32\release\strmctl.obj
f:\projekte\__code\c_cpp\spout\spoutgrabber\spoutgrabber_msvc2017\lib\win32\release\baseclasses.lib
f:\projekte\__code\c_cpp\spout\spoutgrabber\spoutgrabber_msvc2017\baseclasses\winproj2017\win32\release\baseclasses.tlog\cl.command.1.tlog
f:\projekte\__code\c_cpp\spout\spoutgrabber\spoutgrabber_msvc2017\baseclasses\winproj2017\win32\release\baseclasses.tlog\cl.read.1.tlog
f:\projekte\__code\c_cpp\spout\spoutgrabber\spoutgrabber_msvc2017\baseclasses\winproj2017\win32\release\baseclasses.tlog\cl.write.1.tlog
f:\projekte\__code\c_cpp\spout\spoutgrabber\spoutgrabber_msvc2017\baseclasses\winproj2017\win32\release\baseclasses.tlog\lib-link.read.1.tlog
f:\projekte\__code\c_cpp\spout\spoutgrabber\spoutgrabber_msvc2017\baseclasses\winproj2017\win32\release\baseclasses.tlog\lib-link.write.1.tlog
f:\projekte\__code\c_cpp\spout\spoutgrabber\spoutgrabber_msvc2017\baseclasses\winproj2017\win32\release\baseclasses.tlog\lib.command.1.tlog
